[2026-01-05 03:49:53]   MYSQL Query: SELECT si.store_name, si.created_at, u.name AS created_by, si.updated_at, u2.name AS updated_by FROM store_info si LEFT JOIN user AS u ON u.id = si.created_by LEFT JOIN user AS u2 ON u2.id = si.updated_by WHERE si.id = 1 LIMIT 1;
[2026-01-05 03:49:53]   MYSQL Query: SELECT id, name, role, password, status FROM user WHERE username = 'ali7703' LIMIT 1;
[2026-01-05 03:49:53]   MYSQL Query: UPDATE user SET last_logged_in = NOW() WHERE id = 14 AND status = 'Active';
[2026-01-05 03:49:53]   Mohd Ali bin Mohd Abu (ID: 14) is logged in.
[2026-01-05 03:51:45]   MYSQL Query: SELECT COUNT(*) AS total FROM `order` o LEFT JOIN user AS u ON u.id = o.created_by WHERE (o.created_at LIKE '%%' OR u.name LIKE '%%' OR o.transaction_status LIKE '%%' OR o.total_items LIKE '%%') 
[2026-01-05 03:51:45]   MYSQL Query: SELECT o.id, o.created_at, u.name AS created_by, o.transaction_status, o.total_items FROM `order` o LEFT JOIN user AS u ON u.id = o.created_by WHERE (o.created_at LIKE '%%' OR u.name LIKE '%%' OR o.transaction_status LIKE '%%' OR o.total_items LIKE '%%') ORDER BY o.created_at DESC, o.cancelled_at DESC LIMIT 25 OFFSET 0;
[2026-01-05 03:51:59]   MYSQL Query: SELECT o.id, o.transaction_status, u.name AS created_by, o.created_at, u2.name AS cancelled_by, o.cancelled_at FROM `order` o LEFT JOIN user AS u ON u.id = o.created_by LEFT JOIN user AS u2 ON u2.id = o.cancelled_by WHERE o.id = 5 LIMIT 1;
[2026-01-05 03:51:59]   MYSQL Query: SELECT name, selling_price AS price, quantity FROM order_items WHERE order_id = 5;
[2026-01-05 03:51:59]   MYSQL Query: SELECT o.id, o.transaction_status, u.name AS created_by, o.created_at, u2.name AS cancelled_by, o.cancelled_at FROM `order` o LEFT JOIN user AS u ON u.id = o.created_by LEFT JOIN user AS u2 ON u2.id = o.cancelled_by WHERE o.id = 5 LIMIT 1;
[2026-01-05 03:51:59]   MYSQL Query: SELECT name, selling_price AS price, quantity FROM order_items WHERE order_id = 5;
[2026-01-05 03:58:53]   MYSQL Query: SELECT si.store_name, si.created_at, u.name AS created_by, si.updated_at, u2.name AS updated_by FROM store_info si LEFT JOIN user AS u ON u.id = si.created_by LEFT JOIN user AS u2 ON u2.id = si.updated_by WHERE si.id = 1 LIMIT 1;
[2026-01-05 03:58:53]   MYSQL Query: SELECT id, name, role, password, status FROM user WHERE username = 'ali7703' LIMIT 1;
[2026-01-05 03:58:53]   MYSQL Query: UPDATE user SET last_logged_in = NOW() WHERE id = 14 AND status = 'Active';
[2026-01-05 03:58:53]   Mohd Ali bin Mohd Abu (ID: 14) is logged in.
[2026-01-05 03:59:27]   MYSQL Query: SELECT COUNT(*) AS total FROM `order` o LEFT JOIN user AS u ON u.id = o.created_by WHERE (o.created_at LIKE '%%' OR u.name LIKE '%%' OR o.transaction_status LIKE '%%' OR o.total_items LIKE '%%') 
[2026-01-05 03:59:27]   MYSQL Query: SELECT o.id, o.created_at, u.name AS created_by, o.transaction_status, o.total_items FROM `order` o LEFT JOIN user AS u ON u.id = o.created_by WHERE (o.created_at LIKE '%%' OR u.name LIKE '%%' OR o.transaction_status LIKE '%%' OR o.total_items LIKE '%%') ORDER BY o.created_at DESC, o.cancelled_at DESC LIMIT 25 OFFSET 0;
[2026-01-05 03:59:29]   MYSQL Query: SELECT o.id, o.transaction_status, u.name AS created_by, o.created_at, u2.name AS cancelled_by, o.cancelled_at FROM `order` o LEFT JOIN user AS u ON u.id = o.created_by LEFT JOIN user AS u2 ON u2.id = o.cancelled_by WHERE o.id = 6 LIMIT 1;
[2026-01-05 03:59:29]   MYSQL Query: SELECT name, selling_price AS price, quantity FROM order_items WHERE order_id = 6;
[2026-01-05 03:59:29]   MYSQL Query: SELECT o.id, o.transaction_status, u.name AS created_by, o.created_at, u2.name AS cancelled_by, o.cancelled_at FROM `order` o LEFT JOIN user AS u ON u.id = o.created_by LEFT JOIN user AS u2 ON u2.id = o.cancelled_by WHERE o.id = 6 LIMIT 1;
[2026-01-05 03:59:29]   MYSQL Query: SELECT name, selling_price AS price, quantity FROM order_items WHERE order_id = 6;
[2026-01-05 03:59:34]   MYSQL Query: UPDATE `order` SET transaction_status = 'Cancelled', cancelled_by = 14, cancelled_at = '2026-01-05 03:59:34' WHERE id = 6 AND transaction_status = 'Completed';
[2026-01-05 03:59:34]   MYSQL Query: SELECT COUNT(*) AS total FROM `order` o LEFT JOIN user AS u ON u.id = o.created_by WHERE (o.created_at LIKE '%%' OR u.name LIKE '%%' OR o.transaction_status LIKE '%%' OR o.total_items LIKE '%%') 
[2026-01-05 03:59:34]   MYSQL Query: SELECT o.id, o.created_at, u.name AS created_by, o.transaction_status, o.total_items FROM `order` o LEFT JOIN user AS u ON u.id = o.created_by WHERE (o.created_at LIKE '%%' OR u.name LIKE '%%' OR o.transaction_status LIKE '%%' OR o.total_items LIKE '%%') ORDER BY o.created_at DESC, o.cancelled_at DESC LIMIT 25 OFFSET 0;
[2026-01-05 03:59:39]   MYSQL Query: SELECT o.id, o.transaction_status, u.name AS created_by, o.created_at, u2.name AS cancelled_by, o.cancelled_at FROM `order` o LEFT JOIN user AS u ON u.id = o.created_by LEFT JOIN user AS u2 ON u2.id = o.cancelled_by WHERE o.id = 6 LIMIT 1;
[2026-01-05 03:59:39]   MYSQL Query: SELECT name, selling_price AS price, quantity FROM order_items WHERE order_id = 6;
[2026-01-05 03:59:39]   MYSQL Query: SELECT o.id, o.transaction_status, u.name AS created_by, o.created_at, u2.name AS cancelled_by, o.cancelled_at FROM `order` o LEFT JOIN user AS u ON u.id = o.created_by LEFT JOIN user AS u2 ON u2.id = o.cancelled_by WHERE o.id = 6 LIMIT 1;
[2026-01-05 03:59:39]   MYSQL Query: SELECT name, selling_price AS price, quantity FROM order_items WHERE order_id = 6;
[2026-01-05 03:59:47]   MYSQL Query: UPDATE `order` SET transaction_status = 'Completed', cancelled_by = NULL, cancelled_at = NULL WHERE id = 6 AND transaction_status = 'Cancelled';
[2026-01-05 03:59:47]   MYSQL Query: SELECT COUNT(*) AS total FROM `order` o LEFT JOIN user AS u ON u.id = o.created_by WHERE (o.created_at LIKE '%%' OR u.name LIKE '%%' OR o.transaction_status LIKE '%%' OR o.total_items LIKE '%%') 
[2026-01-05 03:59:47]   MYSQL Query: SELECT o.id, o.created_at, u.name AS created_by, o.transaction_status, o.total_items FROM `order` o LEFT JOIN user AS u ON u.id = o.created_by WHERE (o.created_at LIKE '%%' OR u.name LIKE '%%' OR o.transaction_status LIKE '%%' OR o.total_items LIKE '%%') ORDER BY o.created_at DESC, o.cancelled_at DESC LIMIT 25 OFFSET 0;
